<?xml version="1.0" encoding="UTF-8"?>
<testng-results skipped="0" failed="0" total="1" passed="1">
  <reporter-output>
  </reporter-output>
  <suite name="Default suite" duration-ms="108" started-at="2017-04-28T02:51:41Z" finished-at="2017-04-28T02:51:41Z">
    <groups>
    </groups>
    <test name="Default test" duration-ms="108" started-at="2017-04-28T02:51:41Z" finished-at="2017-04-28T02:51:41Z">
      <class name="com.jenkins.jenkinsSelenium">
        <test-method status="PASS" signature="beforeSuite()[pri:0, instance:com.jenkins.jenkinsSelenium@174d20a]" name="beforeSuite" is-config="true" duration-ms="21514" started-at="2017-04-27T19:51:19Z" finished-at="2017-04-27T19:51:41Z">
          <reporter-output>
          </reporter-output>
        </test-method> <!-- beforeSuite -->
        <test-method status="PASS" signature="VerifyTitle()[pri:0, instance:com.jenkins.jenkinsSelenium@174d20a]" name="VerifyTitle" duration-ms="53" started-at="2017-04-27T19:51:41Z" finished-at="2017-04-27T19:51:41Z">
          <reporter-output>
          </reporter-output>
        </test-method> <!-- VerifyTitle -->
      </class> <!-- com.jenkins.jenkinsSelenium -->
    </test> <!-- Default test -->
  </suite> <!-- Default suite -->
</testng-results>
